Determining if the pthread_create exist failed with the following output:
Change Dir: /home/dsl/Downloads/MyPrograms/Тестовые задания/Eltex/Projects/TaxiProject/CMakeFiles/CMakeTmp

Run Build Command:"/usr/bin/make" "cmTC_245ef/fast"
/usr/bin/make -f CMakeFiles/cmTC_245ef.dir/build.make CMakeFiles/cmTC_245ef.dir/build
make[1]: вход в каталог «/home/dsl/Downloads/MyPrograms/Тестовые задания/Eltex/Projects/TaxiProject/CMakeFiles/CMakeTmp»
Building C object CMakeFiles/cmTC_245ef.dir/CheckSymbolExists.c.o
/usr/bin/cc    -o CMakeFiles/cmTC_245ef.dir/CheckSymbolExists.c.o   -c "/home/dsl/Downloads/MyPrograms/Тестовые задания/Eltex/Projects/TaxiProject/CMakeFiles/CMakeTmp/CheckSymbolExists.c"
Linking C executable cmTC_245ef
/usr/bin/cmake -E cmake_link_script CMakeFiles/cmTC_245ef.dir/link.txt --verbose=1
/usr/bin/cc      -rdynamic CMakeFiles/cmTC_245ef.dir/CheckSymbolExists.c.o  -o cmTC_245ef 
CMakeFiles/cmTC_245ef.dir/CheckSymbolExists.c.o: In function `main':
CheckSymbolExists.c:(.text+0x1b): undefined reference to `pthread_create'
collect2: error: ld returned 1 exit status
CMakeFiles/cmTC_245ef.dir/build.make:97: recipe for target 'cmTC_245ef' failed
make[1]: *** [cmTC_245ef] Error 1
make[1]: выход из каталога «/home/dsl/Downloads/MyPrograms/Тестовые задания/Eltex/Projects/TaxiProject/CMakeFiles/CMakeTmp»
Makefile:126: recipe for target 'cmTC_245ef/fast' failed
make: *** [cmTC_245ef/fast] Error 2

File /home/dsl/Downloads/MyPrograms/Тестовые задания/Eltex/Projects/TaxiProject/CMakeFiles/CMakeTmp/CheckSymbolExists.c:
/* */
#include <pthread.h>

int main(int argc, char** argv)
{
  (void)argv;
#ifndef pthread_create
  return ((int*)(&pthread_create))[argc];
#else
  (void)argc;
  return 0;
#endif
}

Determining if the function pthread_create exists in the pthreads failed with the following output:
Change Dir: /home/dsl/Downloads/MyPrograms/Тестовые задания/Eltex/Projects/TaxiProject/CMakeFiles/CMakeTmp

Run Build Command:"/usr/bin/make" "cmTC_69a9e/fast"
/usr/bin/make -f CMakeFiles/cmTC_69a9e.dir/build.make CMakeFiles/cmTC_69a9e.dir/build
make[1]: вход в каталог «/home/dsl/Downloads/MyPrograms/Тестовые задания/Eltex/Projects/TaxiProject/CMakeFiles/CMakeTmp»
Building C object CMakeFiles/cmTC_69a9e.dir/CheckFunctionExists.c.o
/usr/bin/cc   -DCHECK_FUNCTION_EXISTS=pthread_create   -o CMakeFiles/cmTC_69a9e.dir/CheckFunctionExists.c.o   -c /usr/share/cmake-3.10/Modules/CheckFunctionExists.c
Linking C executable cmTC_69a9e
/usr/bin/cmake -E cmake_link_script CMakeFiles/cmTC_69a9e.dir/link.txt --verbose=1
/usr/bin/cc  -DCHECK_FUNCTION_EXISTS=pthread_create    -rdynamic CMakeFiles/cmTC_69a9e.dir/CheckFunctionExists.c.o  -o cmTC_69a9e -lpthreads 
/usr/bin/ld: cannot find -lpthreads
collect2: error: ld returned 1 exit status
CMakeFiles/cmTC_69a9e.dir/build.make:97: recipe for target 'cmTC_69a9e' failed
make[1]: *** [cmTC_69a9e] Error 1
make[1]: выход из каталога «/home/dsl/Downloads/MyPrograms/Тестовые задания/Eltex/Projects/TaxiProject/CMakeFiles/CMakeTmp»
Makefile:126: recipe for target 'cmTC_69a9e/fast' failed
make: *** [cmTC_69a9e/fast] Error 2


